2025-11-20 22:30:50.262 | INFO     | src.main:logge:24 - 🚀 FastAPI is starting up!
2025-11-20 22:42:55.833 | INFO     | logging:callHandlers:1736 - Started server process [15796]
2025-11-20 22:42:55.833 | INFO     | logging:callHandlers:1736 - Waiting for application startup.
2025-11-20 22:42:55.834 | INFO     | logging:callHandlers:1736 - Application startup complete.
2025-11-20 22:43:38.783 | INFO     | src.main:log_requests:52 - GET /docs from 127.0.0.1 -> 200 (0.44ms)
2025-11-20 22:43:38.784 | INFO     | logging:callHandlers:1736 - 127.0.0.1:56545 - "GET /docs HTTP/1.1" 200
2025-11-20 22:43:39.000 | INFO     | src.main:log_requests:52 - GET /openapi.json from 127.0.0.1 -> 200 (57.92ms)
2025-11-20 22:43:39.001 | INFO     | logging:callHandlers:1736 - 127.0.0.1:56545 - "GET /openapi.json HTTP/1.1" 200
2025-11-20 22:43:46.872 | INFO     | src.main:logge:25 - 🚀 FastAPI is starting up!
2025-11-20 22:43:46.873 | INFO     | src.main:log_requests:52 - GET /log from 127.0.0.1 -> 200 (0.69ms)
2025-11-20 22:43:46.873 | INFO     | logging:callHandlers:1736 - 127.0.0.1:56546 - "GET /log HTTP/1.1" 200
2025-11-20 22:43:48.249 | INFO     | src.main:logge:25 - 🚀 FastAPI is starting up!
2025-11-20 22:43:48.249 | INFO     | src.main:log_requests:52 - GET /log from 127.0.0.1 -> 200 (0.67ms)
2025-11-20 22:43:48.249 | INFO     | logging:callHandlers:1736 - 127.0.0.1:56546 - "GET /log HTTP/1.1" 200
2025-11-20 22:44:23.837 | INFO     | logging:callHandlers:1736 - select pg_catalog.version()
2025-11-20 22:44:23.843 | INFO     | logging:callHandlers:1736 - [raw sql] ()
2025-11-20 22:44:23.847 | INFO     | logging:callHandlers:1736 - select current_schema()
2025-11-20 22:44:23.848 | INFO     | logging:callHandlers:1736 - [raw sql] ()
2025-11-20 22:44:23.850 | INFO     | logging:callHandlers:1736 - show standard_conforming_strings
2025-11-20 22:44:23.851 | INFO     | logging:callHandlers:1736 - [raw sql] ()
2025-11-20 22:44:23.853 | INFO     | logging:callHandlers:1736 - BEGIN (implicit)
2025-11-20 22:44:23.867 | INFO     | logging:callHandlers:1736 - SELECT users.id, users.email, users.username, users.password, users.is_active, users.is_verified, users.provider, users.created_at, users.updated_at 
FROM users 
WHERE users.email = $1::VARCHAR
2025-11-20 22:44:23.870 | INFO     | logging:callHandlers:1736 - [generated in 0.00091s] ('user@example.com',)
2025-11-20 22:44:23.898 | DEBUG    | logging:callHandlers:1736 - detected 'argon2_cffi' backend, version '25.1.0', with support for 0x13 argon2 hashes
2025-11-20 22:44:24.038 | INFO     | logging:callHandlers:1736 - ROLLBACK
2025-11-20 22:44:24.041 | WARNING  | src.main:log_requests:54 - POST /login from 127.0.0.1 -> 401 (2698.45ms)
2025-11-20 22:44:24.041 | INFO     | logging:callHandlers:1736 - 127.0.0.1:56551 - "POST /login HTTP/1.1" 401
2025-11-20 22:44:38.078 | INFO     | logging:callHandlers:1736 - BEGIN (implicit)
2025-11-20 22:44:38.082 | INFO     | logging:callHandlers:1736 - SELECT users.id, users.email, users.username, users.password, users.is_active, users.is_verified, users.provider, users.created_at, users.updated_at 
FROM users 
WHERE users.email = $1::VARCHAR
2025-11-20 22:44:38.105 | INFO     | logging:callHandlers:1736 - [cached since 14.22s ago] ('user@example.com',)
2025-11-20 22:44:38.240 | INFO     | logging:callHandlers:1736 - ROLLBACK
2025-11-20 22:44:38.241 | WARNING  | src.main:log_requests:54 - POST /login from 127.0.0.1 -> 401 (166.79ms)
2025-11-20 22:44:38.243 | INFO     | logging:callHandlers:1736 - 127.0.0.1:56555 - "POST /login HTTP/1.1" 401
2025-11-20 22:46:55.285 | INFO     | logging:callHandlers:1736 - Shutting down
2025-11-20 22:46:55.387 | INFO     | logging:callHandlers:1736 - Waiting for application shutdown.
2025-11-20 22:46:55.388 | INFO     | logging:callHandlers:1736 - Application shutdown complete.
2025-11-20 22:46:55.388 | INFO     | logging:callHandlers:1736 - Finished server process [15796]
2025-11-20 22:46:57.779 | INFO     | logging:callHandlers:1736 - Started server process [12704]
2025-11-20 22:46:57.780 | INFO     | logging:callHandlers:1736 - Waiting for application startup.
2025-11-20 22:46:57.781 | INFO     | logging:callHandlers:1736 - Application startup complete.
2025-11-20 22:46:59.764 | INFO     | logging:callHandlers:1736 - Shutting down
2025-11-20 22:46:59.866 | INFO     | logging:callHandlers:1736 - Waiting for application shutdown.
2025-11-20 22:46:59.867 | INFO     | logging:callHandlers:1736 - Application shutdown complete.
2025-11-20 22:46:59.869 | INFO     | logging:callHandlers:1736 - Finished server process [12704]
2025-11-20 22:47:02.238 | INFO     | logging:callHandlers:1736 - Started server process [18884]
2025-11-20 22:47:02.239 | INFO     | logging:callHandlers:1736 - Waiting for application startup.
2025-11-20 22:47:02.240 | INFO     | logging:callHandlers:1736 - Application startup complete.
2025-11-20 22:47:07.608 | INFO     | logging:callHandlers:1736 - Shutting down
2025-11-20 22:47:07.709 | INFO     | logging:callHandlers:1736 - Waiting for application shutdown.
2025-11-20 22:47:07.710 | INFO     | logging:callHandlers:1736 - Application shutdown complete.
2025-11-20 22:47:07.711 | INFO     | logging:callHandlers:1736 - Finished server process [18884]
2025-11-20 22:47:09.960 | INFO     | logging:callHandlers:1736 - Started server process [15348]
2025-11-20 22:47:09.961 | INFO     | logging:callHandlers:1736 - Waiting for application startup.
2025-11-20 22:47:09.962 | INFO     | logging:callHandlers:1736 - Application startup complete.
2025-11-22 12:09:40.144 | INFO     | logging:callHandlers:1736 - Started server process [6540]
2025-11-22 12:09:40.145 | INFO     | logging:callHandlers:1736 - Waiting for application startup.
2025-11-22 12:09:40.146 | INFO     | logging:callHandlers:1736 - Application startup complete.
2025-11-22 12:10:33.126 | INFO     | logging:callHandlers:1736 - Shutting down
2025-11-22 12:10:33.234 | INFO     | logging:callHandlers:1736 - Waiting for application shutdown.
2025-11-22 12:10:33.235 | INFO     | logging:callHandlers:1736 - Application shutdown complete.
2025-11-22 12:10:33.236 | INFO     | logging:callHandlers:1736 - Finished server process [6540]
2025-11-22 12:10:37.917 | INFO     | logging:callHandlers:1736 - Started server process [15780]
2025-11-22 12:10:37.918 | INFO     | logging:callHandlers:1736 - Waiting for application startup.
2025-11-22 12:10:37.920 | INFO     | logging:callHandlers:1736 - Application startup complete.
2025-11-22 12:10:57.357 | INFO     | logging:callHandlers:1736 - Shutting down
2025-11-22 12:10:57.472 | INFO     | logging:callHandlers:1736 - Waiting for application shutdown.
2025-11-22 12:10:57.473 | INFO     | logging:callHandlers:1736 - Application shutdown complete.
2025-11-22 12:10:57.474 | INFO     | logging:callHandlers:1736 - Finished server process [15780]
2025-11-22 12:11:00.477 | INFO     | logging:callHandlers:1736 - Started server process [17744]
2025-11-22 12:11:00.478 | INFO     | logging:callHandlers:1736 - Waiting for application startup.
2025-11-22 12:11:00.479 | INFO     | logging:callHandlers:1736 - Application startup complete.
2025-11-22 12:11:15.798 | INFO     | logging:callHandlers:1736 - Shutting down
2025-11-22 12:11:15.899 | INFO     | logging:callHandlers:1736 - Waiting for application shutdown.
2025-11-22 12:11:15.900 | INFO     | logging:callHandlers:1736 - Application shutdown complete.
2025-11-22 12:11:15.901 | INFO     | logging:callHandlers:1736 - Finished server process [17744]
2025-11-22 12:11:19.049 | INFO     | logging:callHandlers:1736 - Started server process [4140]
2025-11-22 12:11:19.050 | INFO     | logging:callHandlers:1736 - Waiting for application startup.
2025-11-22 12:11:19.050 | INFO     | logging:callHandlers:1736 - Application startup complete.
2025-11-22 12:11:21.589 | INFO     | logging:callHandlers:1736 - Shutting down
2025-11-22 12:11:21.694 | INFO     | logging:callHandlers:1736 - Waiting for application shutdown.
2025-11-22 12:11:21.694 | INFO     | logging:callHandlers:1736 - Application shutdown complete.
2025-11-22 12:11:21.695 | INFO     | logging:callHandlers:1736 - Finished server process [4140]
2025-11-22 12:11:24.409 | INFO     | logging:callHandlers:1736 - Started server process [7172]
2025-11-22 12:11:24.410 | INFO     | logging:callHandlers:1736 - Waiting for application startup.
2025-11-22 12:11:24.412 | INFO     | logging:callHandlers:1736 - Application startup complete.
2025-11-22 12:11:26.464 | INFO     | src.main:log_requests:34 - GET /docs from 127.0.0.1 -> 200 (0.96ms)
2025-11-22 12:11:26.464 | INFO     | logging:callHandlers:1736 - 127.0.0.1:58785 - "GET /docs HTTP/1.1" 200
2025-11-22 12:11:26.747 | INFO     | src.main:log_requests:34 - GET /openapi.json from 127.0.0.1 -> 200 (89.46ms)
2025-11-22 12:11:26.747 | INFO     | logging:callHandlers:1736 - 127.0.0.1:58785 - "GET /openapi.json HTTP/1.1" 200
2025-11-22 12:11:59.488 | INFO     | logging:callHandlers:1736 - select pg_catalog.version()
2025-11-22 12:11:59.493 | INFO     | logging:callHandlers:1736 - [raw sql] ()
2025-11-22 12:11:59.501 | INFO     | logging:callHandlers:1736 - select current_schema()
2025-11-22 12:11:59.506 | INFO     | logging:callHandlers:1736 - [raw sql] ()
2025-11-22 12:11:59.512 | INFO     | logging:callHandlers:1736 - show standard_conforming_strings
2025-11-22 12:11:59.514 | INFO     | logging:callHandlers:1736 - [raw sql] ()
2025-11-22 12:11:59.517 | INFO     | logging:callHandlers:1736 - BEGIN (implicit)
2025-11-22 12:11:59.531 | INFO     | logging:callHandlers:1736 - SELECT users.id, users.email, users.username, users.password, users.is_active, users.is_verified, users.provider, users.created_at, users.updated_at 
FROM users 
WHERE users.email = $1::VARCHAR
2025-11-22 12:11:59.532 | INFO     | logging:callHandlers:1736 - [generated in 0.00072s] ('user@example.com',)
2025-11-22 12:11:59.650 | DEBUG    | logging:callHandlers:1736 - detected 'argon2_cffi' backend, version '25.1.0', with support for 0x13 argon2 hashes
2025-11-22 12:11:59.796 | INFO     | logging:callHandlers:1736 - ROLLBACK
2025-11-22 12:11:59.798 | WARNING  | src.main:log_requests:36 - POST /login from 127.0.0.1 -> 401 (500.89ms)
2025-11-22 12:11:59.799 | INFO     | logging:callHandlers:1736 - 127.0.0.1:58830 - "POST /login HTTP/1.1" 401
2025-11-22 12:12:14.040 | INFO     | logging:callHandlers:1736 - Shutting down
2025-11-22 12:12:14.141 | INFO     | logging:callHandlers:1736 - Waiting for application shutdown.
2025-11-22 12:12:14.142 | INFO     | logging:callHandlers:1736 - Application shutdown complete.
2025-11-22 12:12:14.142 | INFO     | logging:callHandlers:1736 - Finished server process [7172]
2025-11-22 12:12:16.667 | INFO     | logging:callHandlers:1736 - Started server process [15624]
2025-11-22 12:12:16.668 | INFO     | logging:callHandlers:1736 - Waiting for application startup.
2025-11-22 12:12:16.668 | INFO     | logging:callHandlers:1736 - Application startup complete.
2025-11-22 12:12:20.253 | DEBUG    | logging:callHandlers:1736 - detected 'argon2_cffi' backend, version '25.1.0', with support for 0x13 argon2 hashes
2025-11-22 12:12:20.424 | WARNING  | src.main:log_requests:36 - POST /login from 127.0.0.1 -> 401 (317.15ms)
2025-11-22 12:12:20.425 | INFO     | logging:callHandlers:1736 - 127.0.0.1:58917 - "POST /login HTTP/1.1" 401
2025-11-22 12:22:45.059 | INFO     | logging:callHandlers:1736 - Shutting down
2025-11-22 12:22:45.169 | INFO     | logging:callHandlers:1736 - Waiting for application shutdown.
2025-11-22 12:22:45.170 | INFO     | logging:callHandlers:1736 - Application shutdown complete.
2025-11-22 12:22:45.170 | INFO     | logging:callHandlers:1736 - Finished server process [15624]
2025-11-22 12:22:50.025 | INFO     | logging:callHandlers:1736 - Started server process [9176]
2025-11-22 12:22:50.026 | INFO     | logging:callHandlers:1736 - Waiting for application startup.
2025-11-22 12:22:50.027 | INFO     | logging:callHandlers:1736 - Application startup complete.
2025-11-22 12:23:48.056 | INFO     | logging:callHandlers:1736 - Shutting down
2025-11-22 12:23:48.168 | INFO     | logging:callHandlers:1736 - Waiting for application shutdown.
2025-11-22 12:23:48.169 | INFO     | logging:callHandlers:1736 - Application shutdown complete.
2025-11-22 12:23:48.170 | INFO     | logging:callHandlers:1736 - Finished server process [9176]
2025-11-22 12:23:52.113 | INFO     | logging:callHandlers:1736 - Started server process [18956]
2025-11-22 12:23:52.113 | INFO     | logging:callHandlers:1736 - Waiting for application startup.
2025-11-22 12:23:52.114 | INFO     | logging:callHandlers:1736 - Application startup complete.
2025-11-22 12:23:56.380 | INFO     | logging:callHandlers:1736 - Shutting down
2025-11-22 12:23:56.495 | INFO     | logging:callHandlers:1736 - Waiting for application shutdown.
2025-11-22 12:23:56.496 | INFO     | logging:callHandlers:1736 - Application shutdown complete.
2025-11-22 12:23:56.497 | INFO     | logging:callHandlers:1736 - Finished server process [18956]
2025-11-22 12:23:59.357 | INFO     | logging:callHandlers:1736 - Started server process [7040]
2025-11-22 12:23:59.359 | INFO     | logging:callHandlers:1736 - Waiting for application startup.
2025-11-22 12:23:59.360 | INFO     | logging:callHandlers:1736 - Application startup complete.
2025-11-22 12:24:08.567 | INFO     | logging:callHandlers:1736 - Shutting down
2025-11-22 12:24:08.669 | INFO     | logging:callHandlers:1736 - Waiting for application shutdown.
2025-11-22 12:24:08.669 | INFO     | logging:callHandlers:1736 - Application shutdown complete.
2025-11-22 12:24:08.670 | INFO     | logging:callHandlers:1736 - Finished server process [7040]
2025-11-22 12:24:11.425 | INFO     | logging:callHandlers:1736 - Started server process [12648]
2025-11-22 12:24:11.426 | INFO     | logging:callHandlers:1736 - Waiting for application startup.
2025-11-22 12:24:11.426 | INFO     | logging:callHandlers:1736 - Application startup complete.
2025-11-22 12:24:12.798 | INFO     | logging:callHandlers:1736 - Shutting down
2025-11-22 12:24:12.913 | INFO     | logging:callHandlers:1736 - Waiting for application shutdown.
2025-11-22 12:24:12.914 | INFO     | logging:callHandlers:1736 - Application shutdown complete.
2025-11-22 12:24:12.914 | INFO     | logging:callHandlers:1736 - Finished server process [12648]
2025-11-22 12:24:15.279 | INFO     | logging:callHandlers:1736 - Started server process [19384]
2025-11-22 12:24:15.280 | INFO     | logging:callHandlers:1736 - Waiting for application startup.
2025-11-22 12:24:15.281 | INFO     | logging:callHandlers:1736 - Application startup complete.
2025-11-22 12:24:48.999 | INFO     | logging:callHandlers:1736 - Shutting down
2025-11-22 12:24:49.114 | INFO     | logging:callHandlers:1736 - Waiting for application shutdown.
2025-11-22 12:24:49.115 | INFO     | logging:callHandlers:1736 - Application shutdown complete.
2025-11-22 12:24:49.115 | INFO     | logging:callHandlers:1736 - Finished server process [19384]
2025-11-22 12:24:51.741 | INFO     | logging:callHandlers:1736 - Started server process [11320]
2025-11-22 12:24:51.741 | INFO     | logging:callHandlers:1736 - Waiting for application startup.
2025-11-22 12:24:51.742 | INFO     | logging:callHandlers:1736 - Application startup complete.
2025-11-22 12:25:05.500 | INFO     | logging:callHandlers:1736 - Shutting down
2025-11-22 12:25:05.606 | INFO     | logging:callHandlers:1736 - Waiting for application shutdown.
2025-11-22 12:25:05.608 | INFO     | logging:callHandlers:1736 - Application shutdown complete.
2025-11-22 12:25:05.609 | INFO     | logging:callHandlers:1736 - Finished server process [11320]
2025-11-22 12:25:07.815 | INFO     | logging:callHandlers:1736 - Started server process [16568]
2025-11-22 12:25:07.816 | INFO     | logging:callHandlers:1736 - Waiting for application startup.
2025-11-22 12:25:07.817 | INFO     | logging:callHandlers:1736 - Application startup complete.
2025-11-22 12:25:12.130 | INFO     | logging:callHandlers:1736 - select pg_catalog.version()
2025-11-22 12:25:12.138 | INFO     | logging:callHandlers:1736 - [raw sql] ()
2025-11-22 12:25:12.141 | INFO     | logging:callHandlers:1736 - select current_schema()
2025-11-22 12:25:12.142 | INFO     | logging:callHandlers:1736 - [raw sql] ()
2025-11-22 12:25:12.148 | INFO     | logging:callHandlers:1736 - show standard_conforming_strings
2025-11-22 12:25:12.150 | INFO     | logging:callHandlers:1736 - [raw sql] ()
2025-11-22 12:25:12.153 | INFO     | logging:callHandlers:1736 - BEGIN (implicit)
2025-11-22 12:25:12.170 | INFO     | logging:callHandlers:1736 - SELECT users.id, users.email, users.username, users.password, users.is_active, users.is_verified, users.provider, users.created_at, users.updated_at 
FROM users 
WHERE users.email = $1::VARCHAR
2025-11-22 12:25:12.173 | INFO     | logging:callHandlers:1736 - [generated in 0.00131s] ('user@example.com',)
2025-11-22 12:25:12.203 | DEBUG    | logging:callHandlers:1736 - detected 'argon2_cffi' backend, version '25.1.0', with support for 0x13 argon2 hashes
2025-11-22 12:25:12.382 | INFO     | logging:callHandlers:1736 - ROLLBACK
2025-11-22 12:25:12.384 | WARNING  | src.main:log_requests:36 - POST /login from 127.0.0.1 -> 401 (375.93ms)
2025-11-22 12:25:12.385 | INFO     | logging:callHandlers:1736 - 127.0.0.1:60658 - "POST /login HTTP/1.1" 401
2025-11-22 12:25:16.184 | INFO     | logging:callHandlers:1736 - BEGIN (implicit)
2025-11-22 12:25:16.187 | INFO     | logging:callHandlers:1736 - SELECT users.id, users.email, users.username, users.password, users.is_active, users.is_verified, users.provider, users.created_at, users.updated_at 
FROM users 
WHERE users.email = $1::VARCHAR
2025-11-22 12:25:16.189 | INFO     | logging:callHandlers:1736 - [cached since 4.019s ago] ('user@example.com',)
2025-11-22 12:25:16.336 | INFO     | logging:callHandlers:1736 - ROLLBACK
2025-11-22 12:25:16.338 | WARNING  | src.main:log_requests:36 - POST /login from 127.0.0.1 -> 401 (156.58ms)
2025-11-22 12:25:16.338 | INFO     | logging:callHandlers:1736 - 127.0.0.1:60669 - "POST /login HTTP/1.1" 401
2025-11-22 12:25:19.646 | INFO     | logging:callHandlers:1736 - BEGIN (implicit)
2025-11-22 12:25:19.650 | INFO     | logging:callHandlers:1736 - SELECT users.id, users.email, users.username, users.password, users.is_active, users.is_verified, users.provider, users.created_at, users.updated_at 
FROM users 
WHERE users.email = $1::VARCHAR
2025-11-22 12:25:19.651 | INFO     | logging:callHandlers:1736 - [cached since 7.481s ago] ('user@example.com',)
2025-11-22 12:25:19.792 | INFO     | logging:callHandlers:1736 - ROLLBACK
2025-11-22 12:25:19.794 | WARNING  | src.main:log_requests:36 - POST /login from 127.0.0.1 -> 401 (152.28ms)
2025-11-22 12:25:19.795 | INFO     | logging:callHandlers:1736 - 127.0.0.1:60669 - "POST /login HTTP/1.1" 401
2025-11-22 12:26:12.588 | INFO     | logging:callHandlers:1736 - Shutting down
2025-11-22 12:26:12.703 | INFO     | logging:callHandlers:1736 - Waiting for application shutdown.
2025-11-22 12:26:12.704 | INFO     | logging:callHandlers:1736 - Application shutdown complete.
2025-11-22 12:26:12.704 | INFO     | logging:callHandlers:1736 - Finished server process [16568]
